#
# There is insufficient memory for the Java Runtime Environment to continue.
# Native memory allocation (mmap) failed to map 120586240 bytes for G1 virtual space
# Possible reasons:
#   The system is out of physical RAM or swap space
#   The process is running with CompressedOops enabled, and the Java Heap may be blocking the growth of the native heap
# Possible solutions:
#   Reduce memory load on the system
#   Increase physical memory or swap space
#   Check if swap backing store is full
#   Decrease Java heap size (-Xmx/-Xms)
#   Decrease number of Java threads
#   Decrease Java thread stack sizes (-Xss)
#   Set larger code cache with -XX:ReservedCodeCacheSize=
#   JVM is running with Unscaled Compressed Oops mode in which the Java heap is
#     placed in the first 4GB address space. The Java Heap base address is the
#     maximum limit for the native heap growth. Please use -XX:HeapBaseMinAddress
#     to set the Java Heap base and to place the Java Heap above 4GB virtual address.
# This output file may be truncated or incomplete.
#
#  Out of Memory Error (os_windows.cpp:3548), pid=12356, tid=14708
#
# JRE version: Java(TM) SE Runtime Environment (17.0.12+8) (build 17.0.12+8-LTS-286)
# Java VM: Java HotSpot(TM) 64-Bit Server VM (17.0.12+8-LTS-286, mixed mode, emulated-client, sharing, tiered, compressed oops, compressed class ptrs, g1 gc, windows-amd64)
# No core dump will be written. Minidumps are not enabled by default on client versions of Windows
#

---------------  S U M M A R Y ------------

Command Line: -XX:TieredStopAtLevel=1 com.propertybuy.rentu.RentuApplication

Host: Intel(R) Core(TM) i3-10110U CPU @ 2.10GHz, 4 cores, 3G,  Windows 11 , 64 bit Build 26100 (10.0.26100.5074)
Time: Sat Jan 31 01:01:29 2026 India Standard Time elapsed time: 2458.193410 seconds (0d 0h 40m 58s)

---------------  T H R E A D  ---------------

Current thread (0x0000022fe700e6f0):  VMThread "VM Thread" [stack: 0x000000b70bd00000,0x000000b70be00000] [id=14708]

Stack: [0x000000b70bd00000,0x000000b70be00000]
Native frames: (J=compiled Java code, j=interpreted, Vv=VM code, C=native code)
V  [jvm.dll+0x67a04a]
V  [jvm.dll+0x7da4ed]
V  [jvm.dll+0x7dbe33]
V  [jvm.dll+0x7dc4a3]
V  [jvm.dll+0x24508f]
V  [jvm.dll+0x677089]
V  [jvm.dll+0x66bd32]
V  [jvm.dll+0x301fa6]
V  [jvm.dll+0x309546]
V  [jvm.dll+0x359d2e]
V  [jvm.dll+0x359f5f]
V  [jvm.dll+0x2d9078]
V  [jvm.dll+0x2d74ad]
V  [jvm.dll+0x2d6afc]
V  [jvm.dll+0x31a65b]
V  [jvm.dll+0x7e0d9b]
V  [jvm.dll+0x7e1ad4]
V  [jvm.dll+0x7e1fed]
V  [jvm.dll+0x7e23c4]
V  [jvm.dll+0x7e2490]
V  [jvm.dll+0x78abea]
V  [jvm.dll+0x678f35]
C  [ucrtbase.dll+0x37b0]
C  [KERNEL32.DLL+0x2e8d7]
C  [ntdll.dll+0x8d9c]

VM_Operation (0x000000b70cafe300): G1CollectForAllocation, mode: safepoint, requested by thread 0x0000022ffd0c11a0


---------------  P R O C E S S  ---------------

Threads class SMR info:
_java_thread_list=0x0000022ffcd0d4c0, length=31, elements={
0x0000022fe7014860, 0x0000022fe7017340, 0x0000022ff5f28360, 0x0000022ff5f2ac40,
0x0000022ff5f2d520, 0x0000022ff5f2e590, 0x0000022ff5f2ef10, 0x0000022ff5f46080,
0x0000022ffa173b20, 0x0000022ffa17b880, 0x0000022ffb6d8aa0, 0x0000022ffa6e93d0,
0x0000022ffa6e89b0, 0x0000022ffd0c11a0, 0x0000022ffd0c16b0, 0x0000022ffd0c25e0,
0x0000022ffd0c1bc0, 0x0000022ffd0c0270, 0x0000022ffd0bee30, 0x0000022ffd0bfd60,
0x0000022ffd0c2af0, 0x0000022ffd0bf850, 0x0000022ffd0c3a20, 0x0000022ffd0c0780,
0x0000022ffd0c3f30, 0x0000022ffd0c4440, 0x0000022ffd0c4950, 0x0000022ffd0c5370,
0x0000022ffd0c5d90, 0x0000022ffd0c4e60, 0x0000022ffd0c3510
}
_to_delete_list=0x0000022ffcd0d5e0, length=32, elements={
0x0000022fe7014860, 0x0000022fe7017340, 0x0000022ff5f28360, 0x0000022ff5f2ac40,
0x0000022ff5f2d520, 0x0000022ff5f2e590, 0x0000022ff5f2ef10, 0x0000022ff5f46080,
0x0000022ffa173b20, 0x0000022ffa17b880, 0x0000022ffb6d8aa0, 0x0000022ffa6e93d0,
0x0000022ffa6e89b0, 0x0000022ffd0c11a0, 0x0000022ffd0c16b0, 0x0000022ffd0c25e0,
0x0000022ffd0c1bc0, 0x0000022ffd0c0270, 0x0000022ffa850050, 0x0000022ffd0bee30,
0x0000022ffd0bfd60, 0x0000022ffd0c2af0, 0x0000022ffd0bf850, 0x0000022ffd0c3a20,
0x0000022ffd0c0780, 0x0000022ffd0c3f30, 0x0000022ffd0c4440, 0x0000022ffd0c4950,
0x0000022ffd0c5370, 0x0000022ffd0c5d90, 0x0000022ffd0c4e60, 0x0000022ffd0c3510
}

Java Threads: ( => current thread )
  0x0000022fe7014860 JavaThread "Reference Handler" daemon [_thread_blocked, id=12708, stack(0x000000b70be00000,0x000000b70bf00000)]
  0x0000022fe7017340 JavaThread "Finalizer" daemon [_thread_blocked, id=1596, stack(0x000000b70bf00000,0x000000b70c000000)]
  0x0000022ff5f28360 JavaThread "Signal Dispatcher" daemon [_thread_blocked, id=8864, stack(0x000000b70c000000,0x000000b70c100000)]
  0x0000022ff5f2ac40 JavaThread "Attach Listener" daemon [_thread_blocked, id=19256, stack(0x000000b70c100000,0x000000b70c200000)]
  0x0000022ff5f2d520 JavaThread "Service Thread" daemon [_thread_blocked, id=14992, stack(0x000000b70c200000,0x000000b70c300000)]
  0x0000022ff5f2e590 JavaThread "Monitor Deflation Thread" daemon [_thread_blocked, id=4996, stack(0x000000b70c300000,0x000000b70c400000)]
  0x0000022ff5f2ef10 JavaThread "C1 CompilerThread0" daemon [_thread_blocked, id=21816, stack(0x000000b70c400000,0x000000b70c500000)]
  0x0000022ff5f46080 JavaThread "Sweeper thread" daemon [_thread_blocked, id=11988, stack(0x000000b70c500000,0x000000b70c600000)]
  0x0000022ffa173b20 JavaThread "Notification Thread" daemon [_thread_blocked, id=14532, stack(0x000000b70c700000,0x000000b70c800000)]
  0x0000022ffa17b880 JavaThread "Common-Cleaner" daemon [_thread_blocked, id=6804, stack(0x000000b70c900000,0x000000b70ca00000)]
  0x0000022ffb6d8aa0 JavaThread "mysql-cj-abandoned-connection-cleanup" daemon [_thread_blocked, id=13924, stack(0x000000b70d400000,0x000000b70d500000)]
  0x0000022ffa6e93d0 JavaThread "DestroyJavaVM" [_thread_blocked, id=5856, stack(0x000000b70b700000,0x000000b70b800000)]
  0x0000022ffa6e89b0 JavaThread "File Watcher" daemon [_thread_blocked, id=3716, stack(0x000000b70d000000,0x000000b70d100000)]
  0x0000022ffd0c11a0 JavaThread "File Watcher" daemon [_thread_blocked, id=1628, stack(0x000000b70ca00000,0x000000b70cb00000)]
  0x0000022ffd0c16b0 JavaThread "Catalina-utility-1" [_thread_blocked, id=13760, stack(0x000000b70ce00000,0x000000b70cf00000)]
  0x0000022ffd0c25e0 JavaThread "Catalina-utility-2" [_thread_blocked, id=19420, stack(0x000000b70cf00000,0x000000b70d000000)]
  0x0000022ffd0c1bc0 JavaThread "container-2" [_thread_blocked, id=19040, stack(0x000000b70d100000,0x000000b70d200000)]
  0x0000022ffd0c0270 JavaThread "HikariPool-4:housekeeper" daemon [_thread_blocked, id=2228, stack(0x000000b70d200000,0x000000b70d300000)]
  0x0000022ffd0bee30 JavaThread "File Watcher" daemon [_thread_blocked, id=12048, stack(0x000000b70d600000,0x000000b70d700000)]
  0x0000022ffd0bfd60 JavaThread "http-nio-8080-exec-1" daemon [_thread_blocked, id=20368, stack(0x000000b70d700000,0x000000b70d800000)]
  0x0000022ffd0c2af0 JavaThread "http-nio-8080-exec-2" daemon [_thread_blocked, id=19820, stack(0x000000b70d800000,0x000000b70d900000)]
  0x0000022ffd0bf850 JavaThread "http-nio-8080-exec-3" daemon [_thread_blocked, id=18924, stack(0x000000b70d900000,0x000000b70da00000)]
  0x0000022ffd0c3a20 JavaThread "http-nio-8080-exec-4" daemon [_thread_blocked, id=20792, stack(0x000000b70da00000,0x000000b70db00000)]
  0x0000022ffd0c0780 JavaThread "http-nio-8080-exec-5" daemon [_thread_blocked, id=15832, stack(0x000000b70db00000,0x000000b70dc00000)]
  0x0000022ffd0c3f30 JavaThread "http-nio-8080-exec-6" daemon [_thread_blocked, id=15012, stack(0x000000b70dc00000,0x000000b70dd00000)]
  0x0000022ffd0c4440 JavaThread "http-nio-8080-exec-7" daemon [_thread_blocked, id=22000, stack(0x000000b70dd00000,0x000000b70de00000)]
  0x0000022ffd0c4950 JavaThread "http-nio-8080-exec-8" daemon [_thread_blocked, id=5828, stack(0x000000b70de00000,0x000000b70df00000)]
  0x0000022ffd0c5370 JavaThread "http-nio-8080-exec-9" daemon [_thread_blocked, id=9500, stack(0x000000b70df00000,0x000000b70e000000)]
  0x0000022ffd0c5d90 JavaThread "http-nio-8080-exec-10" daemon [_thread_blocked, id=5744, stack(0x000000b70e000000,0x000000b70e100000)]
  0x0000022ffd0c4e60 JavaThread "http-nio-8080-Poller" daemon [_thread_in_native, id=18972, stack(0x000000b70e100000,0x000000b70e200000)]
  0x0000022ffd0c3510 JavaThread "http-nio-8080-Acceptor" daemon [_thread_in_native, id=18664, stack(0x000000b70e200000,0x000000b70e300000)]

Other Threads:
=>0x0000022fe700e6f0 VMThread "VM Thread" [stack: 0x000000b70bd00000,0x000000b70be00000] [id=14708]
  0x0000022ffa178820 WatcherThread [stack: 0x000000b70c800000,0x000000b70c900000] [id=2652]
  0x0000022fe6f97080 GCTaskThread "GC Thread#0" [stack: 0x000000b70b800000,0x000000b70b900000] [id=10956]
  0x0000022ffa85bca0 GCTaskThread "GC Thread#1" [stack: 0x000000b70cb00000,0x000000b70cc00000] [id=15060]
  0x0000022ffa867110 GCTaskThread "GC Thread#2" [stack: 0x000000b70cc00000,0x000000b70cd00000] [id=21768]
  0x0000022ffa8673d0 GCTaskThread "GC Thread#3" [stack: 0x000000b70cd00000,0x000000b70ce00000] [id=13972]
  0x0000022fe6f9fb50 ConcurrentGCThread "G1 Main Marker" [stack: 0x000000b70b900000,0x000000b70ba00000] [id=12360]
  0x0000022fe6fa1230 ConcurrentGCThread "G1 Conc#0" [stack: 0x000000b70ba00000,0x000000b70bb00000] [id=10748]
  0x0000022fe6fe9230 ConcurrentGCThread "G1 Refine#0" [stack: 0x000000b70bb00000,0x000000b70bc00000] [id=14868]
  0x0000022fe6feab80 ConcurrentGCThread "G1 Service" [stack: 0x000000b70bc00000,0x000000b70bd00000] [id=9996]

Threads with active compile tasks:

VM state: at safepoint (normal execution)

VM Mutex/Monitor currently owned by a thread:  ([mutex/lock_event])
[0x0000022fe6f4dc10] Threads_lock - owner thread: 0x0000022fe700e6f0
[0x0000022fe6f4e5a0] Heap_lock - owner thread: 0x0000022ffd0c11a0

Heap address: 0x00000000c2400000, size: 988 MB, Compressed Oops mode: 32-bit

CDS archive(s) mapped at: [0x0000022f80000000-0x0000022f80bd0000-0x0000022f80bd0000), size 12386304, SharedBaseAddress: 0x0000022f80000000, ArchiveRelocationMode: 1.
Compressed class space mapped at: 0x0000022f81000000-0x0000022fc1000000, reserved size: 1073741824
Narrow klass base: 0x0000022f80000000, Narrow klass shift: 0, Narrow klass range: 0x100000000

GC Precious Log:
 CPUs: 4 total, 4 available
 Memory: 3948M
 Large Page Support: Disabled
 NUMA Support: Disabled
 Compressed Oops: Enabled (32-bit)
 Heap Region Size: 1M
 Heap Min Capacity: 8M
 Heap Initial Capacity: 62M
 Heap Max Capacity: 988M
 Pre-touch: Disabled
 Parallel Workers: 4
 Concurrent Workers: 1
 Concurrent Refinement Workers: 4
 Periodic GC: Disabled

Heap:
 garbage-first heap   total 89088K, used 32376K [0x00000000c2400000, 0x0000000100000000)
  region size 1024K, 4 young (4096K), 4 survivors (4096K)
 Metaspace       used 75946K, committed 76480K, reserved 1179648K
  class space    used 11199K, committed 11392K, reserved 1048576K

Heap Regions: E=young(eden), S=young(survivor), O=old, HS=humongous(starts), HC=humongous(continues), CS=collection set, F=free, OA=open archive, CA=closed archive, TAMS=top-at-mark-start (previous, next)
|   0|0x00000000c2400000, 0x00000000c2500000, 0x00000000c2500000|100%|HS|  |TAMS 0x00000000c2500000, 0x00000000c2400000| Untracked 
|   1|0x00000000c2500000, 0x00000000c2600000, 0x00000000c2600000|100%|HS|  |TAMS 0x00000000c2600000, 0x00000000c2500000| Untracked 
|   2|0x00000000c2600000, 0x00000000c26fe730, 0x00000000c2700000| 99%| O|  |TAMS 0x00000000c26fe730, 0x00000000c2600000| Untracked 
|   3|0x00000000c2700000, 0x00000000c2800000, 0x00000000c2800000|100%| O|  |TAMS 0x00000000c2800000, 0x00000000c2700000| Untracked 
|   4|0x00000000c2800000, 0x00000000c2900000, 0x00000000c2900000|100%| O|  |TAMS 0x00000000c2900000, 0x00000000c2800000| Untracked 
|   5|0x00000000c2900000, 0x00000000c2a00000, 0x00000000c2a00000|100%| O|  |TAMS 0x00000000c2a00000, 0x00000000c2900000| Untracked 
|   6|0x00000000c2a00000, 0x00000000c2b00000, 0x00000000c2b00000|100%| O|  |TAMS 0x00000000c2b00000, 0x00000000c2a00000| Untracked 
|   7|0x00000000c2b00000, 0x00000000c2bffff8, 0x00000000c2c00000| 99%| O|  |TAMS 0x00000000c2bffff8, 0x00000000c2b00000| Untracked 
|   8|0x00000000c2c00000, 0x00000000c2cfffb8, 0x00000000c2d00000| 99%| O|  |TAMS 0x00000000c2cfffb8, 0x00000000c2c00000| Untracked 
|   9|0x00000000c2d00000, 0x00000000c2e00000, 0x00000000c2e00000|100%| O|  |TAMS 0x00000000c2e00000, 0x00000000c2d00000| Untracked 
|  10|0x00000000c2e00000, 0x00000000c2f00000, 0x00000000c2f00000|100%| O|  |TAMS 0x00000000c2f00000, 0x00000000c2e00000| Untracked 
|  11|0x00000000c2f00000, 0x00000000c2fffff8, 0x00000000c3000000| 99%| O|  |TAMS 0x00000000c2fffff8, 0x00000000c2f00000| Untracked 
|  12|0x00000000c3000000, 0x00000000c30fffb8, 0x00000000c3100000| 99%| O|  |TAMS 0x00000000c30fffb8, 0x00000000c3000000| Untracked 
|  13|0x00000000c3100000, 0x00000000c31fffe8, 0x00000000c3200000| 99%| O|  |TAMS 0x00000000c31fffe8, 0x00000000c3100000| Untracked 
|  14|0x00000000c3200000, 0x00000000c32ffff0, 0x00000000c3300000| 99%| O|  |TAMS 0x00000000c32ffff0, 0x00000000c3200000| Untracked 
|  15|0x00000000c3300000, 0x00000000c33ffff8, 0x00000000c3400000| 99%| O|  |TAMS 0x00000000c33ffff8, 0x00000000c3300000| Untracked 
|  16|0x00000000c3400000, 0x00000000c34ffff8, 0x00000000c3500000| 99%| O|  |TAMS 0x00000000c34ffff8, 0x00000000c3400000| Untracked 
|  17|0x00000000c3500000, 0x00000000c35f3c58, 0x00000000c3600000| 95%| O|  |TAMS 0x00000000c35f3c58, 0x00000000c3500000| Untracked 
|  18|0x00000000c3600000, 0x00000000c36fffe8, 0x00000000c3700000| 99%| O|  |TAMS 0x00000000c36fffe8, 0x00000000c3600000| Untracked 
|  19|0x00000000c3700000, 0x00000000c3800000, 0x00000000c3800000|100%| O|  |TAMS 0x00000000c3800000, 0x00000000c3700000| Untracked 
|  20|0x00000000c3800000, 0x00000000c38ffcb8, 0x00000000c3900000| 99%| O|  |TAMS 0x00000000c38ffcb8, 0x00000000c3800000| Untracked 
|  21|0x00000000c3900000, 0x00000000c39fffe8, 0x00000000c3a00000| 99%| O|  |TAMS 0x00000000c3900000, 0x00000000c3900000| Untracked 
|  22|0x00000000c3a00000, 0x00000000c3b00000, 0x00000000c3b00000|100%| O|  |TAMS 0x00000000c3a00000, 0x00000000c3a00000| Untracked 
|  23|0x00000000c3b00000, 0x00000000c3bfffd0, 0x00000000c3c00000| 99%| O|  |TAMS 0x00000000c3b00000, 0x00000000c3b00000| Untracked 
|  24|0x00000000c3c00000, 0x00000000c3c08d60, 0x00000000c3d00000|  3%| O|  |TAMS 0x00000000c3c00000, 0x00000000c3c00000| Untracked 
|  25|0x00000000c3d00000, 0x00000000c3d196c0, 0x00000000c3e00000|  9%| O|  |TAMS 0x00000000c3d00000, 0x00000000c3d00000| Untracked 
|  26|0x00000000c3e00000, 0x00000000c3f00000, 0x00000000c3f00000|100%| O|  |TAMS 0x00000000c3e00000, 0x00000000c3e00000| Untracked 
|  27|0x00000000c3f00000, 0x00000000c4000000, 0x00000000c4000000|100%| O|  |TAMS 0x00000000c3f00000, 0x00000000c3f00000| Untracked 
|  28|0x00000000c4000000, 0x00000000c4100000, 0x00000000c4100000|100%| O|  |TAMS 0x00000000c4000000, 0x00000000c4000000| Untracked 
|  29|0x00000000c4100000, 0x00000000c4200000, 0x00000000c4200000|100%| O|  |TAMS 0x00000000c4100000, 0x00000000c4100000| Untracked 
|  30|0x00000000c4200000, 0x00000000c4228600, 0x00000000c4300000| 15%| O|  |TAMS 0x00000000c4200000, 0x00000000c4200000| Untracked 
|  31|0x00000000c4300000, 0x00000000c4300000, 0x00000000c4400000|  0%| F|  |TAMS 0x00000000c4300000, 0x00000000c4300000| Untracked 
|  32|0x00000000c4400000, 0x00000000c4400000, 0x00000000c4500000|  0%| F|  |TAMS 0x00000000c4400000, 0x00000000c4400000| Untracked 
|  33|0x00000000c4500000, 0x00000000c4500000, 0x00000000c4600000|  0%| F|  |TAMS 0x00000000c4500000, 0x00000000c4500000| Untracked 
|  34|0x00000000c4600000, 0x00000000c4600000, 0x00000000c4700000|  0%| F|  |TAMS 0x00000000c4600000, 0x00000000c4600000| Untracked 
|  35|0x00000000c4700000, 0x00000000c4700000, 0x00000000c4800000|  0%| F|  |TAMS 0x00000000c4700000, 0x00000000c4700000| Untracked 
|  36|0x00000000c4800000, 0x00000000c4800000, 0x00000000c4900000|  0%| F|  |TAMS 0x00000000c4800000, 0x00000000c4800000| Untracked 
|  37|0x00000000c4900000, 0x00000000c4900000, 0x00000000c4a00000|  0%| F|  |TAMS 0x00000000c4900000, 0x00000000c4900000| Untracked 
|  38|0x00000000c4a00000, 0x00000000c4a00000, 0x00000000c4b00000|  0%| F|  |TAMS 0x00000000c4a00000, 0x00000000c4a00000| Untracked 
|  39|0x00000000c4b00000, 0x00000000c4b00000, 0x00000000c4c00000|  0%| F|  |TAMS 0x00000000c4b00000, 0x00000000c4b00000| Untracked 
|  40|0x00000000c4c00000, 0x00000000c4c00000, 0x00000000c4d00000|  0%| F|  |TAMS 0x00000000c4c00000, 0x00000000c4c00000| Untracked 
|  41|0x00000000c4d00000, 0x00000000c4d00000, 0x00000000c4e00000|  0%| F|  |TAMS 0x00000000c4d00000, 0x00000000c4d00000| Untracked 
|  42|0x00000000c4e00000, 0x00000000c4e00000, 0x00000000c4f00000|  0%| F|  |TAMS 0x00000000c4e00000, 0x00000000c4e00000| Untracked 
|  43|0x00000000c4f00000, 0x00000000c4f00000, 0x00000000c5000000|  0%| F|  |TAMS 0x00000000c4f00000, 0x00000000c4f00000| Untracked 
|  44|0x00000000c5000000, 0x00000000c5000000, 0x00000000c5100000|  0%| F|  |TAMS 0x00000000c5000000, 0x00000000c5000000| Untracked 
|  45|0x00000000c5100000, 0x00000000c5161980, 0x00000000c5200000| 38%| S|CS|TAMS 0x00000000c5100000, 0x00000000c5100000| Complete 
|  46|0x00000000c5200000, 0x00000000c5300000, 0x00000000c5300000|100%| S|CS|TAMS 0x00000000c5200000, 0x00000000c5200000| Complete 
|  47|0x00000000c5300000, 0x00000000c5400000, 0x00000000c5400000|100%| S|CS|TAMS 0x00000000c5300000, 0x00000000c5300000| Complete 
|  48|0x00000000c5400000, 0x00000000c5500000, 0x00000000c5500000|100%| S|CS|TAMS 0x00000000c5400000, 0x00000000c5400000| Complete 
|  49|0x00000000c5500000, 0x00000000c5500000, 0x00000000c5600000|  0%| F|  |TAMS 0x00000000c5500000, 0x00000000c5500000| Untracked 
|  50|0x00000000c5600000, 0x00000000c5600000, 0x00000000c5700000|  0%| F|  |TAMS 0x00000000c5600000, 0x00000000c5600000| Untracked 
|  51|0x00000000c5700000, 0x00000000c5700000, 0x00000000c5800000|  0%| F|  |TAMS 0x00000000c5700000, 0x00000000c5700000| Untracked 
|  52|0x00000000c5800000, 0x00000000c5800000, 0x00000000c5900000|  0%| F|  |TAMS 0x00000000c5800000, 0x00000000c5800000| Untracked 
|  53|0x00000000c5900000, 0x00000000c5900000, 0x00000000c5a00000|  0%| F|  |TAMS 0x00000000c5900000, 0x00000000c5900000| Untracked 
|  54|0x00000000c5a00000, 0x00000000c5a00000, 0x00000000c5b00000|  0%| F|  |TAMS 0x00000000c5a00000, 0x00000000c5a00000| Untracked 
|  55|0x00000000c5b00000, 0x00000000c5b00000, 0x00000000c5c00000|  0%| F|  |TAMS 0x00000000c5b00000, 0x00000000c5b00000| Untracked 
|  56|0x00000000c5c00000, 0x00000000c5c00000, 0x00000000c5d00000|  0%| F|  |TAMS 0x00000000c5c00000, 0x00000000c5c00000| Untracked 
|  57|0x00000000c5d00000, 0x00000000c5d00000, 0x00000000c5e00000|  0%| F|  |TAMS 0x00000000c5d00000, 0x00000000c5d00000| Untracked 
|  58|0x00000000c5e00000, 0x00000000c5e00000, 0x00000000c5f00000|  0%| F|  |TAMS 0x00000000c5e00000, 0x00000000c5e00000| Untracked 
|  59|0x00000000c5f00000, 0x00000000c5f00000, 0x00000000c6000000|  0%| F|  |TAMS 0x00000000c5f00000, 0x00000000c5f00000| Untracked 
|  60|0x00000000c6000000, 0x00000000c6000000, 0x00000000c6100000|  0%| F|  |TAMS 0x00000000c6000000, 0x00000000c6000000| Untracked 
|  61|0x00000000c6100000, 0x00000000c6100000, 0x00000000c6200000|  0%| F|  |TAMS 0x00000000c6100000, 0x00000000c6100000| Untracked 
|  62|0x00000000c6200000, 0x00000000c6200000, 0x00000000c6300000|  0%| F|  |TAMS 0x00000000c6200000, 0x00000000c6200000| Untracked 
|  63|0x00000000c6300000, 0x00000000c6300000, 0x00000000c6400000|  0%| F|  |TAMS 0x00000000c6300000, 0x00000000c6300000| Untracked 
|  64|0x00000000c6400000, 0x00000000c6400000, 0x00000000c6500000|  0%| F|  |TAMS 0x00000000c6400000, 0x00000000c6400000| Untracked 
|  65|0x00000000c6500000, 0x00000000c6500000, 0x00000000c6600000|  0%| F|  |TAMS 0x00000000c6500000, 0x00000000c6500000| Untracked 
|  66|0x00000000c6600000, 0x00000000c6600000, 0x00000000c6700000|  0%| F|  |TAMS 0x00000000c6600000, 0x00000000c6600000| Untracked 
|  67|0x00000000c6700000, 0x00000000c6700000, 0x00000000c6800000|  0%| F|  |TAMS 0x00000000c6700000, 0x00000000c6700000| Untracked 
|  68|0x00000000c6800000, 0x00000000c6800000, 0x00000000c6900000|  0%| F|  |TAMS 0x00000000c6800000, 0x00000000c6800000| Untracked 
|  69|0x00000000c6900000, 0x00000000c6900000, 0x00000000c6a00000|  0%| F|  |TAMS 0x00000000c6900000, 0x00000000c6900000| Untracked 
|  70|0x00000000c6a00000, 0x00000000c6a00000, 0x00000000c6b00000|  0%| F|  |TAMS 0x00000000c6a00000, 0x00000000c6a00000| Untracked 
|  71|0x00000000c6b00000, 0x00000000c6b00000, 0x00000000c6c00000|  0%| F|  |TAMS 0x00000000c6b00000, 0x00000000c6b00000| Untracked 
|  72|0x00000000c6c00000, 0x00000000c6c00000, 0x00000000c6d00000|  0%| F|  |TAMS 0x00000000c6c00000, 0x00000000c6c00000| Untracked 
|  73|0x00000000c6d00000, 0x00000000c6d00000, 0x00000000c6e00000|  0%| F|  |TAMS 0x00000000c6d00000, 0x00000000c6d00000| Untracked 
|  74|0x00000000c6e00000, 0x00000000c6e00000, 0x00000000c6f00000|  0%| F|  |TAMS 0x00000000c6e00000, 0x00000000c6e00000| Untracked 
|  75|0x00000000c6f00000, 0x00000000c6f00000, 0x00000000c7000000|  0%| F|  |TAMS 0x00000000c6f00000, 0x00000000c6f00000| Untracked 
|  76|0x00000000c7000000, 0x00000000c7000000, 0x00000000c7100000|  0%| F|  |TAMS 0x00000000c7000000, 0x00000000c7000000| Untracked 
|  77|0x00000000c7100000, 0x00000000c7100000, 0x00000000c7200000|  0%| F|  |TAMS 0x00000000c7100000, 0x00000000c7100000| Untracked 
|  78|0x00000000c7200000, 0x00000000c7200000, 0x00000000c7300000|  0%| F|  |TAMS 0x00000000c7200000, 0x00000000c7200000| Untracked 
|  79|0x00000000c7300000, 0x00000000c7300000, 0x00000000c7400000|  0%| F|  |TAMS 0x00000000c7300000, 0x00000000c7300000| Untracked 
|  80|0x00000000c7400000, 0x00000000c7400000, 0x00000000c7500000|  0%| F|  |TAMS 0x00000000c7400000, 0x00000000c7400000| Untracked 
|  81|0x00000000c7500000, 0x00000000c7500000, 0x00000000c7600000|  0%| F|  |TAMS 0x00000000c7500000, 0x00000000c7500000| Untracked 
|  82|0x00000000c7600000, 0x00000000c7600000, 0x00000000c7700000|  0%| F|  |TAMS 0x00000000c7600000, 0x00000000c7600000| Untracked 
|  83|0x00000000c7700000, 0x00000000c7700000, 0x00000000c7800000|  0%| F|  |TAMS 0x00000000c7700000, 0x00000000c7700000| Untracked 
|  84|0x00000000c7800000, 0x00000000c7800000, 0x00000000c7900000|  0%| F|  |TAMS 0x00000000c7800000, 0x00000000c7800000| Untracked 
|  85|0x00000000c7900000, 0x00000000c7900000, 0x00000000c7a00000|  0%| F|  |TAMS 0x00000000c7900000, 0x00000000c7900000| Untracked 
|  86|0x00000000c7a00000, 0x00000000c7a00000, 0x00000000c7b00000|  0%| F|  |TAMS 0x00000000c7a00000, 0x00000000c7a00000| Untracked 

Card table byte_map: [0x0000022ff1810000,0x0000022ff1a00000] _byte_map_base: 0x0000022ff11fe000

Marking Bits (Prev, Next): (CMBitMap*) 0x0000022fe6f976e0, (CMBitMap*) 0x0000022fe6f976a0
 Prev Bits: [0x0000022ff2b60000, 0x0000022ff3ad0000)
 Next Bits: [0x0000022ff1bf0000, 0x0000022ff2b60000)

Polling page: 0x0000022fe4ea0000

Metaspace:

Usage:
  Non-class:     63.23 MB used.
      Class:     10.94 MB used.
       Both:     74.17 MB used.

Virtual space:
  Non-class space:      128.00 MB reserved,      63.56 MB ( 50%) committed,  2 nodes.
      Class space:        1.00 GB reserved,      11.12 MB (  1%) committed,  1 nodes.
             Both:        1.12 GB reserved,      74.69 MB (  6%) committed. 

Chunk freelists:
   Non-Class:  15.73 MB
       Class:  4.88 MB
        Both:  20.62 MB

MaxMetaspaceSize: unlimited
CompressedClassSpaceSize: 1.00 GB
Initial GC threshold: 21.00 MB
Current GC threshold: 124.19 MB
CDS: on
MetaspaceReclaimPolicy: balanced
 - commit_granule_bytes: 65536.
 - commit_granule_words: 8192.
 - virtual_space_node_default_size: 8388608.
 - enlarge_chunks_in_place: 1.
 - new_chunks_are_fully_committed: 0.
 - uncommit_free_chunks: 1.
 - use_allocation_guard: 0.
 - handle_deallocations: 1.


Internal statistics:

num_allocs_failed_limit: 12.
num_arena_births: 984.
num_arena_deaths: 302.
num_vsnodes_births: 3.
num_vsnodes_deaths: 0.
num_space_committed: 1195.
num_space_uncommitted: 0.
num_chunks_returned_to_freelist: 345.
num_chunks_taken_from_freelist: 3957.
num_chunk_merges: 113.
num_chunk_splits: 2789.
num_chunks_enlarged: 2226.
num_inconsistent_stats: 0.

CodeCache: size=49152Kb used=13652Kb max_used=14211Kb free=35499Kb
 bounds [0x0000022fee810000, 0x0000022fef600000, 0x0000022ff1810000]
 total_blobs=8513 nmethods=7841 adapters=598
 compilation: enabled
              stopped_count=0, restarted_count=0
 full_count=0

Compilation events (20 events):
Event: 2286.001 Thread 0x0000022ff5f2ef10 nmethod 7881 0x0000022fef5ee890 code [0x0000022fef5eea20, 0x0000022fef5eeaf8]
Event: 2286.001 Thread 0x0000022ffa850050 nmethod 7880 0x0000022fef5eeb90 code [0x0000022fef5eed40, 0x0000022fef5eef78]
Event: 2286.014 Thread 0x0000022ff5f2ef10 7882       1       org.springframework.util.ConcurrentReferenceHashMap$EntryIterator::moveToNextSegment (55 bytes)
Event: 2286.015 Thread 0x0000022ff5f2ef10 nmethod 7882 0x0000022fef5ef090 code [0x0000022fef5ef220, 0x0000022fef5ef3f8]
Event: 2286.017 Thread 0x0000022ffa850050 7883       1       java.lang.Thread::isDaemon (5 bytes)
Event: 2286.017 Thread 0x0000022ffa850050 nmethod 7883 0x0000022fef5ef510 code [0x0000022fef5ef6a0, 0x0000022fef5ef778]
Event: 2286.028 Thread 0x0000022ffa850050 7884       1       org.springframework.boot.devtools.restart.RestartApplicationListener::getOrder (5 bytes)
Event: 2286.028 Thread 0x0000022ffa850050 nmethod 7884 0x0000022fef5ef810 code [0x0000022fef5ef9a0, 0x0000022fef5efa78]
Event: 2286.038 Thread 0x0000022ffa850050 7885   !   1       org.springframework.context.event.AbstractApplicationEventMulticaster::supportsEvent (104 bytes)
Event: 2286.038 Thread 0x0000022ff5f2ef10 7886       1       org.springframework.context.event.AbstractApplicationEventMulticaster::supportsEvent (23 bytes)
Event: 2286.038 Thread 0x0000022ff5f2ef10 nmethod 7886 0x0000022fef5efb10 code [0x0000022fef5efcc0, 0x0000022fef5efdf8]
Event: 2286.038 Thread 0x0000022ff5f2ef10 7887       1       java.util.ArrayList::remove (76 bytes)
Event: 2286.038 Thread 0x0000022ffa850050 nmethod 7885 0x0000022fef5efe90 code [0x0000022fef5f00c0, 0x0000022fef5f0578]
Event: 2286.038 Thread 0x0000022ff5f2ef10 nmethod 7887 0x0000022fef5f0910 code [0x0000022fef5f0ac0, 0x0000022fef5f0cd8]
Event: 2324.084 Thread 0x0000022ff5f2ef10 7888       1       org.apache.catalina.core.StandardContext$1::bind (1 bytes)
Event: 2324.131 Thread 0x0000022ff5f2ef10 nmethod 7888 0x0000022fef594710 code [0x0000022fef5948a0, 0x0000022fef594958]
Event: 2382.838 Thread 0x0000022ff5f2ef10 7890       1       java.util.IdentityHashMap::<init> (44 bytes)
Event: 2382.911 Thread 0x0000022ff5f2ef10 nmethod 7890 0x0000022fef593d90 code [0x0000022fef593f80, 0x0000022fef5944c8]
Event: 2404.751 Thread 0x0000022ff5f2ef10 7892       1       com.zaxxer.hikari.HikariConfig::getMinimumIdle (5 bytes)
Event: 2404.796 Thread 0x0000022ff5f2ef10 nmethod 7892 0x0000022fef593a90 code [0x0000022fef593c20, 0x0000022fef593cf8]

GC Heap History (20 events):
Event: 1251.142 GC heap after
{Heap after GC invocations=29 (full 2):
 garbage-first heap   total 78848K, used 33025K [0x00000000c2400000, 0x0000000100000000)
  region size 1024K, 3 young (3072K), 3 survivors (3072K)
 Metaspace       used 75570K, committed 76096K, reserved 1114112K
  class space    used 11176K, committed 11392K, reserved 1048576K
}
Event: 1251.288 GC heap before
{Heap before GC invocations=29 (full 2):
 garbage-first heap   total 78848K, used 34049K [0x00000000c2400000, 0x0000000100000000)
  region size 1024K, 4 young (4096K), 3 survivors (3072K)
 Metaspace       used 75570K, committed 76096K, reserved 1114112K
  class space    used 11176K, committed 11392K, reserved 1048576K
}
Event: 1251.529 GC heap after
{Heap after GC invocations=30 (full 2):
 garbage-first heap   total 157696K, used 33524K [0x00000000c2400000, 0x0000000100000000)
  region size 1024K, 1 young (1024K), 1 survivors (1024K)
 Metaspace       used 75570K, committed 76096K, reserved 1114112K
  class space    used 11176K, committed 11392K, reserved 1048576K
}
Event: 1252.142 GC heap before
{Heap before GC invocations=30 (full 2):
 garbage-first heap   total 157696K, used 39668K [0x00000000c2400000, 0x0000000100000000)
  region size 1024K, 7 young (7168K), 1 survivors (1024K)
 Metaspace       used 75572K, committed 76096K, reserved 1114112K
  class space    used 11176K, committed 11392K, reserved 1048576K
}
Event: 1252.146 GC heap after
{Heap after GC invocations=31 (full 2):
 garbage-first heap   total 157696K, used 33495K [0x00000000c2400000, 0x0000000100000000)
  region size 1024K, 1 young (1024K), 1 survivors (1024K)
 Metaspace       used 75572K, committed 76096K, reserved 1114112K
  class space    used 11176K, committed 11392K, reserved 1048576K
}
Event: 1266.111 GC heap before
{Heap before GC invocations=31 (full 2):
 garbage-first heap   total 157696K, used 43735K [0x00000000c2400000, 0x0000000100000000)
  region size 1024K, 12 young (12288K), 1 survivors (1024K)
 Metaspace       used 75637K, committed 76160K, reserved 1114112K
  class space    used 11184K, committed 11392K, reserved 1048576K
}
Event: 1266.115 GC heap after
{Heap after GC invocations=32 (full 2):
 garbage-first heap   total 157696K, used 35109K [0x00000000c2400000, 0x0000000100000000)
  region size 1024K, 2 young (2048K), 2 survivors (2048K)
 Metaspace       used 75637K, committed 76160K, reserved 1114112K
  class space    used 11184K, committed 11392K, reserved 1048576K
}
Event: 1266.503 GC heap before
{Heap before GC invocations=32 (full 2):
 garbage-first heap   total 157696K, used 40229K [0x00000000c2400000, 0x0000000100000000)
  region size 1024K, 7 young (7168K), 2 survivors (2048K)
 Metaspace       used 75769K, committed 76288K, reserved 1179648K
  class space    used 11192K, committed 11392K, reserved 1048576K
}
Event: 1266.517 GC heap after
{Heap after GC invocations=33 (full 2):
 garbage-first heap   total 157696K, used 35372K [0x00000000c2400000, 0x0000000100000000)
  region size 1024K, 1 young (1024K), 1 survivors (1024K)
 Metaspace       used 75769K, committed 76288K, reserved 1179648K
  class space    used 11192K, committed 11392K, reserved 1048576K
}
Event: 1273.354 GC heap before
{Heap before GC invocations=33 (full 2):
 garbage-first heap   total 157696K, used 47660K [0x00000000c2400000, 0x0000000100000000)
  region size 1024K, 13 young (13312K), 1 survivors (1024K)
 Metaspace       used 75769K, committed 76288K, reserved 1179648K
  class space    used 11192K, committed 11392K, reserved 1048576K
}
Event: 1273.359 GC heap after
{Heap after GC invocations=34 (full 2):
 garbage-first heap   total 157696K, used 35866K [0x00000000c2400000, 0x0000000100000000)
  region size 1024K, 2 young (2048K), 2 survivors (2048K)
 Metaspace       used 75769K, committed 76288K, reserved 1179648K
  class space    used 11192K, committed 11392K, reserved 1048576K
}
Event: 1527.081 GC heap before
{Heap before GC invocations=34 (full 2):
 garbage-first heap   total 157696K, used 53274K [0x00000000c2400000, 0x0000000100000000)
  region size 1024K, 19 young (19456K), 2 survivors (2048K)
 Metaspace       used 75769K, committed 76288K, reserved 1179648K
  class space    used 11192K, committed 11392K, reserved 1048576K
}
Event: 1527.156 GC heap after
{Heap after GC invocations=35 (full 2):
 garbage-first heap   total 157696K, used 35848K [0x00000000c2400000, 0x0000000100000000)
  region size 1024K, 2 young (2048K), 2 survivors (2048K)
 Metaspace       used 75769K, committed 76288K, reserved 1179648K
  class space    used 11192K, committed 11392K, reserved 1048576K
}
Event: 1955.246 GC heap before
{Heap before GC invocations=35 (full 2):
 garbage-first heap   total 157696K, used 64520K [0x00000000c2400000, 0x0000000100000000)
  region size 1024K, 30 young (30720K), 2 survivors (2048K)
 Metaspace       used 75769K, committed 76288K, reserved 1179648K
  class space    used 11192K, committed 11392K, reserved 1048576K
}
Event: 1955.343 GC heap after
{Heap after GC invocations=36 (full 2):
 garbage-first heap   total 157696K, used 35545K [0x00000000c2400000, 0x0000000100000000)
  region size 1024K, 1 young (1024K), 1 survivors (1024K)
 Metaspace       used 75769K, committed 76288K, reserved 1179648K
  class space    used 11192K, committed 11392K, reserved 1048576K
}
Event: 2271.898 GC heap before
{Heap before GC invocations=36 (full 2):
 garbage-first heap   total 157696K, used 58073K [0x00000000c2400000, 0x0000000100000000)
  region size 1024K, 24 young (24576K), 1 survivors (1024K)
 Metaspace       used 75772K, committed 76288K, reserved 1179648K
  class space    used 11193K, committed 11392K, reserved 1048576K
}
Event: 2281.277 GC heap after
{Heap after GC invocations=37 (full 3):
 garbage-first heap   total 89088K, used 24656K [0x00000000c2400000, 0x0000000100000000)
  region size 1024K, 0 young (0K), 0 survivors (0K)
 Metaspace       used 75678K, committed 76288K, reserved 1179648K
  class space    used 11172K, committed 11392K, reserved 1048576K
}
Event: 2284.845 GC heap before
{Heap before GC invocations=37 (full 3):
 garbage-first heap   total 89088K, used 68688K [0x00000000c2400000, 0x0000000100000000)
  region size 1024K, 44 young (45056K), 0 survivors (0K)
 Metaspace       used 75749K, committed 76288K, reserved 1179648K
  class space    used 11184K, committed 11392K, reserved 1048576K
}
Event: 2284.931 GC heap after
{Heap after GC invocations=38 (full 3):
 garbage-first heap   total 89088K, used 29716K [0x00000000c2400000, 0x0000000100000000)
  region size 1024K, 5 young (5120K), 5 survivors (5120K)
 Metaspace       used 75749K, committed 76288K, reserved 1179648K
  class space    used 11184K, committed 11392K, reserved 1048576K
}
Event: 2457.900 GC heap before
{Heap before GC invocations=38 (full 3):
 garbage-first heap   total 89088K, used 68628K [0x00000000c2400000, 0x0000000100000000)
  region size 1024K, 43 young (44032K), 5 survivors (5120K)
 Metaspace       used 75946K, committed 76480K, reserved 1179648K
  class space    used 11199K, committed 11392K, reserved 1048576K
}

Deoptimization events (6 events):
Event: 1.949 Thread 0x0000022ffa9d7800 DEOPT PACKING pc=0x0000022feeeb1eec sp=0x000000b70d0fb1a0
Event: 1.949 Thread 0x0000022ffa9d7800 DEOPT UNPACKING pc=0x0000022fee862b43 sp=0x000000b70d0fa660 mode 0
Event: 2.445 Thread 0x0000022ffb67a040 DEOPT PACKING pc=0x0000022feebeb417 sp=0x000000b70d1fefa0
Event: 2.445 Thread 0x0000022ffb67a520 DEOPT PACKING pc=0x0000022feebebd01 sp=0x000000b70d2fed40
Event: 2.445 Thread 0x0000022ffb67a040 DEOPT UNPACKING pc=0x0000022fee862b43 sp=0x000000b70d1fe3f8 mode 3
Event: 2.445 Thread 0x0000022ffb67a520 DEOPT UNPACKING pc=0x0000022fee862b43 sp=0x000000b70d2fe1d8 mode 3

Classes unloaded (20 events):
Event: 2279.059 Thread 0x0000022fe700e6f0 Unloading class 0x0000022f813e5c00 'java/lang/invoke/LambdaForm$MH+0x0000022f813e5c00'
Event: 2279.059 Thread 0x0000022fe700e6f0 Unloading class 0x0000022f813e5800 'java/lang/invoke/LambdaForm$MH+0x0000022f813e5800'
Event: 2279.059 Thread 0x0000022fe700e6f0 Unloading class 0x0000022f813e5400 'java/lang/invoke/LambdaForm$MH+0x0000022f813e5400'
Event: 2279.059 Thread 0x0000022fe700e6f0 Unloading class 0x0000022f813e5000 'java/lang/invoke/LambdaForm$MH+0x0000022f813e5000'
Event: 2279.059 Thread 0x0000022fe700e6f0 Unloading class 0x0000022f813e4c00 'java/lang/invoke/LambdaForm$MH+0x0000022f813e4c00'
Event: 2279.059 Thread 0x0000022fe700e6f0 Unloading class 0x0000022f813e4800 'java/lang/invoke/LambdaForm$MH+0x0000022f813e4800'
Event: 2279.059 Thread 0x0000022fe700e6f0 Unloading class 0x0000022f813e4400 'java/lang/invoke/LambdaForm$MH+0x0000022f813e4400'
Event: 2279.059 Thread 0x0000022fe700e6f0 Unloading class 0x0000022f813e4000 'java/lang/invoke/LambdaForm$MH+0x0000022f813e4000'
Event: 2279.060 Thread 0x0000022fe700e6f0 Unloading class 0x0000022f81134000 'java/lang/invoke/LambdaForm$MH+0x0000022f81134000'
Event: 2279.060 Thread 0x0000022fe700e6f0 Unloading class 0x0000022f81121c00 'java/lang/invoke/LambdaForm$MH+0x0000022f81121c00'
Event: 2279.061 Thread 0x0000022fe700e6f0 Unloading class 0x0000022f810a5400 'java/lang/invoke/LambdaForm$MH+0x0000022f810a5400'
Event: 2279.061 Thread 0x0000022fe700e6f0 Unloading class 0x0000022f810a5000 'java/lang/invoke/LambdaForm$MH+0x0000022f810a5000'
Event: 2279.062 Thread 0x0000022fe700e6f0 Unloading class 0x0000022f810a4c00 'java/lang/invoke/LambdaForm$MH+0x0000022f810a4c00'
Event: 2279.062 Thread 0x0000022fe700e6f0 Unloading class 0x0000022f810a4800 'java/lang/invoke/LambdaForm$MH+0x0000022f810a4800'
Event: 2279.062 Thread 0x0000022fe700e6f0 Unloading class 0x0000022f810a4400 'java/lang/invoke/LambdaForm$MH+0x0000022f810a4400'
Event: 2279.062 Thread 0x0000022fe700e6f0 Unloading class 0x0000022f810a4000 'java/lang/invoke/LambdaForm$MH+0x0000022f810a4000'
Event: 2279.062 Thread 0x0000022fe700e6f0 Unloading class 0x0000022f8102c800 'java/lang/invoke/LambdaForm$MH+0x0000022f8102c800'
Event: 2279.062 Thread 0x0000022fe700e6f0 Unloading class 0x0000022f8102c400 'java/lang/invoke/LambdaForm$MH+0x0000022f8102c400'
Event: 2279.063 Thread 0x0000022fe700e6f0 Unloading class 0x0000022f8102bc00 'java/lang/invoke/LambdaForm$MH+0x0000022f8102bc00'
Event: 2279.064 Thread 0x0000022fe700e6f0 Unloading class 0x0000022f8102b800 'java/lang/invoke/LambdaForm$MH+0x0000022f8102b800'

Classes redefined (0 events):
No events

Internal exceptions (20 events):
Event: 1266.369 Thread 0x0000022ffd0c16b0 Exception <a 'java/lang/reflect/InvocationTargetException'{0x00000000cbbadac0}> (0x00000000cbbadac0) 
thrown [s\open\src\hotspot\share\runtime\reflection.cpp, line 1121]
Event: 1266.458 Thread 0x0000022ffd0c16b0 Exception <a 'java/lang/reflect/InvocationTargetException'{0x00000000cbaf4d70}> (0x00000000cbaf4d70) 
thrown [s\open\src\hotspot\share\runtime\reflection.cpp, line 1121]
Event: 1266.460 Thread 0x0000022ffd0c16b0 Exception <a 'java/lang/reflect/InvocationTargetException'{0x00000000cbafc868}> (0x00000000cbafc868) 
thrown [s\open\src\hotspot\share\runtime\reflection.cpp, line 1121]
Event: 1266.814 Thread 0x0000022ffd0c16b0 Exception <a 'sun/nio/fs/WindowsException'{0x00000000cbb9a428}> (0x00000000cbb9a428) 
thrown [s\open\src\hotspot\share\prims\jni.cpp, line 516]
Event: 2271.881 Thread 0x0000022ffd0bf850 Exception <a 'java/lang/InterruptedException'{0x00000000ca73a8d8}: sleep interrupted> (0x00000000ca73a8d8) 
thrown [s\open\src\hotspot\share\prims\jvm.cpp, line 3064]
Event: 2282.347 Thread 0x0000022ffd0c20d0 Exception <a 'sun/nio/fs/WindowsException'{0x00000000c79618d0}> (0x00000000c79618d0) 
thrown [s\open\src\hotspot\share\prims\jni.cpp, line 516]
Event: 2282.622 Thread 0x0000022ffd0c20d0 Exception <a 'sun/nio/fs/WindowsException'{0x00000000c77b9fd8}> (0x00000000c77b9fd8) 
thrown [s\open\src\hotspot\share\prims\jni.cpp, line 516]
Event: 2283.201 Thread 0x0000022ffd0c20d0 Exception <a 'sun/nio/fs/WindowsException'{0x00000000c6545190}> (0x00000000c6545190) 
thrown [s\open\src\hotspot\share\prims\jni.cpp, line 516]
Event: 2283.221 Thread 0x0000022ffd0c20d0 Exception <a 'sun/nio/fs/WindowsException'{0x00000000c6596b40}> (0x00000000c6596b40) 
thrown [s\open\src\hotspot\share\prims\jni.cpp, line 516]
Event: 2283.829 Thread 0x0000022ffd0c20d0 Exception <a 'sun/nio/fs/WindowsException'{0x00000000c5a2a900}> (0x00000000c5a2a900) 
thrown [s\open\src\hotspot\share\prims\jni.cpp, line 516]
Event: 2283.831 Thread 0x0000022ffd0c20d0 Exception <a 'sun/nio/fs/WindowsException'{0x00000000c5a2aef8}> (0x00000000c5a2aef8) 
thrown [s\open\src\hotspot\share\prims\jni.cpp, line 516]
Event: 2283.841 Thread 0x0000022ffd0c20d0 Exception <a 'sun/nio/fs/WindowsException'{0x00000000c5a2b5d0}> (0x00000000c5a2b5d0) 
thrown [s\open\src\hotspot\share\prims\jni.cpp, line 516]
Event: 2283.909 Thread 0x0000022ffd0c20d0 Exception <a 'java/io/FileNotFoundException'{0x00000000c5a67930}> (0x00000000c5a67930) 
thrown [s\open\src\hotspot\share\prims\jni.cpp, line 516]
Event: 2284.046 Thread 0x0000022ffd0c20d0 Exception <a 'java/io/FileNotFoundException'{0x00000000c586e890}> (0x00000000c586e890) 
thrown [s\open\src\hotspot\share\prims\jni.cpp, line 516]
Event: 2284.112 Thread 0x0000022ffd0c20d0 Exception <a 'sun/nio/fs/WindowsException'{0x00000000c5527ad8}> (0x00000000c5527ad8) 
thrown [s\open\src\hotspot\share\prims\jni.cpp, line 516]
Event: 2285.794 Thread 0x0000022ffd0c20d0 Exception <a 'java/lang/reflect/InvocationTargetException'{0x00000000c7246058}> (0x00000000c7246058) 
thrown [s\open\src\hotspot\share\runtime\reflection.cpp, line 1121]
Event: 2285.798 Thread 0x0000022ffd0c20d0 Exception <a 'java/lang/reflect/InvocationTargetException'{0x00000000c724dd00}> (0x00000000c724dd00) 
thrown [s\open\src\hotspot\share\runtime\reflection.cpp, line 1121]
Event: 2285.822 Thread 0x0000022ffd0c20d0 Exception <a 'java/lang/reflect/InvocationTargetException'{0x00000000c71abec8}> (0x00000000c71abec8) 
thrown [s\open\src\hotspot\share\runtime\reflection.cpp, line 1121]
Event: 2285.823 Thread 0x0000022ffd0c20d0 Exception <a 'java/lang/reflect/InvocationTargetException'{0x00000000c71b3978}> (0x00000000c71b3978) 
thrown [s\open\src\hotspot\share\runtime\reflection.cpp, line 1121]
Event: 2285.881 Thread 0x0000022ffd0c20d0 Exception <a 'sun/nio/fs/WindowsException'{0x00000000c6d87060}> (0x00000000c6d87060) 
thrown [s\open\src\hotspot\share\prims\jni.cpp, line 516]

VM Operations (20 events):
Event: 2270.795 Executing VM operation: Cleanup done
Event: 2271.891 Executing VM operation: G1CollectFull
Event: 2281.278 Executing VM operation: G1CollectFull done
Event: 2282.293 Executing VM operation: Cleanup
Event: 2282.325 Executing VM operation: Cleanup done
Event: 2283.337 Executing VM operation: Cleanup
Event: 2283.337 Executing VM operation: Cleanup done
Event: 2284.339 Executing VM operation: Cleanup
Event: 2284.339 Executing VM operation: Cleanup done
Event: 2284.843 Executing VM operation: G1CollectForAllocation
Event: 2284.932 Executing VM operation: G1CollectForAllocation done
Event: 2285.016 Executing VM operation: HandshakeAllThreads
Event: 2285.017 Executing VM operation: HandshakeAllThreads done
Event: 2286.024 Executing VM operation: Cleanup
Event: 2286.024 Executing VM operation: Cleanup done
Event: 2287.031 Executing VM operation: Cleanup
Event: 2287.031 Executing VM operation: Cleanup done
Event: 2345.166 Executing VM operation: HandshakeAllThreads
Event: 2345.170 Executing VM operation: HandshakeAllThreads done
Event: 2457.889 Executing VM operation: G1CollectForAllocation

Events (20 events):
Event: 2284.992 Thread 0x0000022ffa850050 Thread added: 0x0000022ffa850050
Event: 2285.809 loading class java/lang/invoke/MethodHandleImpl$CountingWrapper$1
Event: 2285.813 loading class java/lang/invoke/MethodHandleImpl$CountingWrapper$1 done
Event: 2285.975 Thread 0x0000022ffd0bee30 Thread added: 0x0000022ffd0bee30
Event: 2286.015 Thread 0x0000022ffd0bfd60 Thread added: 0x0000022ffd0bfd60
Event: 2286.015 Thread 0x0000022ffd0c2af0 Thread added: 0x0000022ffd0c2af0
Event: 2286.016 Thread 0x0000022ffd0bf850 Thread added: 0x0000022ffd0bf850
Event: 2286.016 Thread 0x0000022ffd0c3a20 Thread added: 0x0000022ffd0c3a20
Event: 2286.016 Thread 0x0000022ffd0c0780 Thread added: 0x0000022ffd0c0780
Event: 2286.016 Thread 0x0000022ffd0c3f30 Thread added: 0x0000022ffd0c3f30
Event: 2286.017 Thread 0x0000022ffd0c4440 Thread added: 0x0000022ffd0c4440
Event: 2286.017 Thread 0x0000022ffd0c4950 Thread added: 0x0000022ffd0c4950
Event: 2286.017 Thread 0x0000022ffd0c5370 Thread added: 0x0000022ffd0c5370
Event: 2286.017 Thread 0x0000022ffd0c5d90 Thread added: 0x0000022ffd0c5d90
Event: 2286.027 Thread 0x0000022ffd0c4e60 Thread added: 0x0000022ffd0c4e60
Event: 2286.028 Thread 0x0000022ffd0c3510 Thread added: 0x0000022ffd0c3510
Event: 2286.041 Thread 0x0000022ffd0c20d0 Thread exited: 0x0000022ffd0c20d0
Event: 2286.041 Thread 0x0000022ffd0bf340 Thread exited: 0x0000022ffd0bf340
Event: 2290.763 Thread 0x0000022ffd0c0c90 Thread exited: 0x0000022ffd0c0c90
Event: 2291.042 Thread 0x0000022ffa850050 Thread exited: 0x0000022ffa850050


Dynamic libraries:
0x00007ff6c1ac0000 - 0x00007ff6c1ad0000 	C:\Program Files\Java\jdk-17\bin\java.exe
0x00007ff93a4e0000 - 0x00007ff93a749000 	C:\WINDOWS\SYSTEM32\ntdll.dll
0x00007ff938ff0000 - 0x00007ff9390b9000 	C:\WINDOWS\System32\KERNEL32.DLL
0x00007ff937670000 - 0x00007ff937a63000 	C:\WINDOWS\System32\KERNELBASE.dll
0x00007ff937df0000 - 0x00007ff937f3b000 	C:\WINDOWS\System32\ucrtbase.dll
0x00007ff92a350000 - 0x00007ff92a369000 	C:\Program Files\Java\jdk-17\bin\jli.dll
0x00007ff9392a0000 - 0x00007ff939354000 	C:\WINDOWS\System32\ADVAPI32.dll
0x00007ff938da0000 - 0x00007ff938e49000 	C:\WINDOWS\System32\msvcrt.dll
0x00007ff939c30000 - 0x00007ff939cd6000 	C:\WINDOWS\System32\sechost.dll
0x00007ff939360000 - 0x00007ff939478000 	C:\WINDOWS\System32\RPCRT4.dll
0x00007ff938740000 - 0x00007ff938904000 	C:\WINDOWS\System32\USER32.dll
0x00007ff937a70000 - 0x00007ff937a97000 	C:\WINDOWS\System32\win32u.dll
0x00007ff938690000 - 0x00007ff9386bb000 	C:\WINDOWS\System32\GDI32.dll
0x00007ff937f40000 - 0x00007ff93806d000 	C:\WINDOWS\System32\gdi32full.dll
0x00007ff937b40000 - 0x00007ff937be3000 	C:\WINDOWS\System32\msvcp_win.dll
0x00007ff932020000 - 0x00007ff93203b000 	C:\Program Files\Java\jdk-17\bin\VCRUNTIME140.dll
0x00007ff91f940000 - 0x00007ff91fbd3000 	C:\WINDOWS\WinSxS\amd64_microsoft.windows.common-controls_6595b64144ccf1df_6.0.26100.5074_none_3e0d6f78e32fd63f\COMCTL32.dll
0x00007ff926510000 - 0x00007ff92651b000 	C:\WINDOWS\SYSTEM32\VERSION.dll
0x00007ff939d70000 - 0x00007ff939d9f000 	C:\WINDOWS\System32\IMM32.DLL
0x00007ff934100000 - 0x00007ff93410c000 	C:\Program Files\Java\jdk-17\bin\vcruntime140_1.dll
0x00007ff8f68a0000 - 0x00007ff8f692e000 	C:\Program Files\Java\jdk-17\bin\msvcp140.dll
0x00007ff8ee700000 - 0x00007ff8ef2e0000 	C:\Program Files\Java\jdk-17\bin\server\jvm.dll
0x00007ff9394d0000 - 0x00007ff9394d8000 	C:\WINDOWS\System32\PSAPI.DLL
0x00007ff8fd870000 - 0x00007ff8fd87a000 	C:\WINDOWS\SYSTEM32\WSOCK32.dll
0x00007ff939cf0000 - 0x00007ff939d64000 	C:\WINDOWS\System32\WS2_32.dll
0x00007ff921cd0000 - 0x00007ff921d05000 	C:\WINDOWS\SYSTEM32\WINMM.dll
0x00007ff936420000 - 0x00007ff93643b000 	C:\WINDOWS\SYSTEM32\kernel.appcore.dll
0x00007ff9320d0000 - 0x00007ff9320da000 	C:\Program Files\Java\jdk-17\bin\jimage.dll
0x00007ff934e30000 - 0x00007ff935072000 	C:\WINDOWS\SYSTEM32\DBGHELP.DLL
0x00007ff939fb0000 - 0x00007ff93a32b000 	C:\WINDOWS\System32\combase.dll
0x00007ff938f10000 - 0x00007ff938fe7000 	C:\WINDOWS\System32\OLEAUT32.dll
0x00007ff919000000 - 0x00007ff91903d000 	C:\WINDOWS\SYSTEM32\dbgcore.DLL
0x00007ff937aa0000 - 0x00007ff937b39000 	C:\WINDOWS\System32\bcryptPrimitives.dll
0x00007ff922670000 - 0x00007ff922695000 	C:\Program Files\Java\jdk-17\bin\java.dll
0x00007ff8f55b0000 - 0x00007ff8f5687000 	C:\Program Files\Java\jdk-17\bin\jsvml.dll
0x00007ff9394e0000 - 0x00007ff939c2d000 	C:\WINDOWS\System32\SHELL32.dll
0x00007ff937c80000 - 0x00007ff937dec000 	C:\WINDOWS\System32\wintypes.dll
0x00007ff9352b0000 - 0x00007ff935b09000 	C:\WINDOWS\SYSTEM32\windows.storage.dll
0x00007ff9390c0000 - 0x00007ff9391b0000 	C:\WINDOWS\System32\SHCORE.dll
0x00007ff9384e0000 - 0x00007ff938542000 	C:\WINDOWS\System32\shlwapi.dll
0x00007ff937590000 - 0x00007ff9375b9000 	C:\WINDOWS\SYSTEM32\profapi.dll
0x00007ff920ff0000 - 0x00007ff921009000 	C:\Program Files\Java\jdk-17\bin\net.dll
0x00007ff926e40000 - 0x00007ff926f5f000 	C:\WINDOWS\SYSTEM32\WINHTTP.dll
0x00007ff9369b0000 - 0x00007ff936a1b000 	C:\WINDOWS\system32\mswsock.dll
0x00007ff920f00000 - 0x00007ff920f16000 	C:\Program Files\Java\jdk-17\bin\nio.dll
0x00007ff91bda0000 - 0x00007ff91bdb8000 	C:\Program Files\Java\jdk-17\bin\zip.dll
0x00007ff9226c0000 - 0x00007ff9226ca000 	C:\Program Files\Java\jdk-17\bin\management.dll
0x00007ff9226b0000 - 0x00007ff9226bb000 	C:\Program Files\Java\jdk-17\bin\management_ext.dll
0x00007ff920fe0000 - 0x00007ff920fee000 	C:\Program Files\Java\jdk-17\bin\sunmscapi.dll
0x00007ff938070000 - 0x00007ff9381e7000 	C:\WINDOWS\System32\CRYPT32.dll
0x00007ff936e90000 - 0x00007ff936ec0000 	C:\WINDOWS\SYSTEM32\ncrypt.dll
0x00007ff936e40000 - 0x00007ff936e7f000 	C:\WINDOWS\SYSTEM32\NTASN1.dll
0x00007ff936c70000 - 0x00007ff936c8b000 	C:\WINDOWS\SYSTEM32\CRYPTSP.dll
0x00007ff936380000 - 0x00007ff9363bb000 	C:\WINDOWS\system32\rsaenh.dll
0x00007ff936a70000 - 0x00007ff936a9b000 	C:\WINDOWS\SYSTEM32\USERENV.dll
0x00007ff937560000 - 0x00007ff937586000 	C:\WINDOWS\SYSTEM32\bcrypt.dll
0x00007ff936c90000 - 0x00007ff936c9c000 	C:\WINDOWS\SYSTEM32\CRYPTBASE.dll
0x00007ff935e10000 - 0x00007ff935e44000 	C:\WINDOWS\SYSTEM32\IPHLPAPI.DLL
0x00007ff93a490000 - 0x00007ff93a49a000 	C:\WINDOWS\System32\NSI.dll
0x00007ff929da0000 - 0x00007ff929dbe000 	C:\WINDOWS\SYSTEM32\dhcpcsvc6.DLL
0x00007ff927180000 - 0x00007ff9271a3000 	C:\WINDOWS\SYSTEM32\dhcpcsvc.DLL
0x00007ff935ea0000 - 0x00007ff935fc6000 	C:\WINDOWS\SYSTEM32\DNSAPI.dll
0x00007ff929d90000 - 0x00007ff929d9b000 	C:\Windows\System32\rasadhlp.dll
0x00007ff926040000 - 0x00007ff9260c6000 	C:\WINDOWS\System32\fwpuclnt.dll
0x00007ff903590000 - 0x00007ff903598000 	C:\WINDOWS\system32\wshunix.dll

dbghelp: loaded successfully - version: 4.0.5 - missing functions: none
symbol engine: initialized successfully - sym options: 0x614 - pdb path: .;C:\Program Files\Java\jdk-17\bin;C:\WINDOWS\SYSTEM32;C:\WINDOWS\WinSxS\amd64_microsoft.windows.common-controls_6595b64144ccf1df_6.0.26100.5074_none_3e0d6f78e32fd63f;C:\Program Files\Java\jdk-17\bin\server

VM Arguments:
jvm_args: -XX:TieredStopAtLevel=1 
java_command: com.propertybuy.rentu.RentuApplication
java_class_path (initial): D:\Downloads\rentu\rentu\target\classes;C:\Users\ASUS\.m2\repository\org\springframework\boot\spring-boot-jackson\4.0.1\spring-boot-jackson-4.0.1.jar;C:\Users\ASUS\.m2\repository\tools\jackson\core\jackson-databind\3.0.3\jackson-databind-3.0.3.jar;C:\Users\ASUS\.m2\repository\tools\jackson\core\jackson-core\3.0.3\jackson-core-3.0.3.jar;C:\Users\ASUS\.m2\repository\org\springframework\boot\spring-boot-web-server\4.0.1\spring-boot-web-server-4.0.1.jar;C:\Users\ASUS\.m2\repository\org\apache\tomcat\embed\tomcat-embed-core\11.0.15\tomcat-embed-core-11.0.15.jar;C:\Users\ASUS\.m2\repository\org\apache\tomcat\embed\tomcat-embed-el\11.0.15\tomcat-embed-el-11.0.15.jar;C:\Users\ASUS\.m2\repository\org\apache\tomcat\embed\tomcat-embed-websocket\11.0.15\tomcat-embed-websocket-11.0.15.jar;C:\Users\ASUS\.m2\repository\org\springframework\boot\spring-boot-tomcat\4.0.1\spring-boot-tomcat-4.0.1.jar;C:\Users\ASUS\.m2\repository\org\springframework\boot\spring-boot-http-converter\4.0.1\spring-boot-http-converter-4.0.1.jar;C:\Users\ASUS\.m2\repository\org\springframework\spring-web\7.0.2\spring-web-7.0.2.jar;C:\Users\ASUS\.m2\repository\org\springframework\boot\spring-boot-webmvc\4.0.1\spring-boot-webmvc-4.0.1.jar;C:\Users\ASUS\.m2\repository\org\springframework\boot\spring-boot-servlet\4.0.1\spring-boot-servlet-4.0.1.jar;C:\Users\ASUS\.m2\repository\org\springframework\spring-webmvc\7.0.2\spring-webmvc-7.0.2.jar;C:\Users\ASUS\.m2\repository\ch\qos\logback\logback-classic\1.5.22\logback-classic-1.5.22.jar;C:\Users\ASUS\.m2\repository\ch\qos\logback\logback-core\1.5.22\logback-core-1.5.22.jar;C:\Users\ASUS\.m2\repository\org\apache\logging\log4j\log4j-to-slf4j\2.25.3\log4j-to-slf4j-2.25.3.jar;C:\Users\ASUS\.m2\repository\org\slf4j\jul-to-slf4j\2.0.17\jul-to-slf4j-2.0.17.jar;C:\Users\ASUS\.m2\repository\jakarta\annotation\jakarta.annotation-api\3.0.0\jakarta.annotation-api-3.0.0.jar;C:\Users\ASUS\.m2\repository\org\yaml\snakeyaml\2.5\snakeyaml-2.5.jar;C:\User
Launcher Type: SUN_STANDARD

[Global flags]
     intx CICompilerCount                          = 3                                         {product} {ergonomic}
     uint ConcGCThreads                            = 1                                         {product} {ergonomic}
     uint G1ConcRefinementThreads                  = 4                                         {product} {ergonomic}
   size_t G1HeapRegionSize                         = 1048576                                   {product} {ergonomic}
    uintx GCDrainStackTargetSize                   = 64                                        {product} {ergonomic}
   size_t InitialHeapSize                          = 65011712                                  {product} {ergonomic}
   size_t MarkStackSize                            = 4194304                                   {product} {ergonomic}
   size_t MaxHeapSize                              = 1035993088                                {product} {ergonomic}
   size_t MaxNewSize                               = 620756992                                 {product} {ergonomic}
   size_t MinHeapDeltaBytes                        = 1048576                                   {product} {ergonomic}
   size_t MinHeapSize                              = 8388608                                   {product} {ergonomic}
    uintx NonProfiledCodeHeapSize                  = 0                                      {pd product} {ergonomic}
     bool ProfileInterpreter                       = false                                  {pd product} {command line}
    uintx ProfiledCodeHeapSize                     = 0                                      {pd product} {ergonomic}
   size_t SoftMaxHeapSize                          = 1035993088                             {manageable} {ergonomic}
     intx TieredStopAtLevel                        = 1                                         {product} {command line}
     bool UseCompressedClassPointers               = true                           {product lp64_product} {ergonomic}
     bool UseCompressedOops                        = true                           {product lp64_product} {ergonomic}
     bool UseG1GC                                  = true                                      {product} {ergonomic}
     bool UseLargePagesIndividualAllocation        = false                                  {pd product} {ergonomic}

Logging:
Log output configuration:
 #0: stdout all=warning uptime,level,tags
 #1: stderr all=off uptime,level,tags

Environment Variables:
JAVA_HOME=C:\Program Files\Java\jdk-17
PATH=C:\Python312\Scripts\;C:\Python312\;C:\Program Files\Common Files\Oracle\Java\javapath;C:\Program Files (x86)\Common Files\Oracle\Java\java8path;C:\Program Files (x86)\Common Files\Oracle\Java\javapath;C:\Program Files (x86)\Common Files\Intel\Shared Libraries\redist\intel64\compiler;C:\WINDOWS\system32;C:\WINDOWS;C:\WINDOWS\System32\Wbem;C:\WINDOWS\System32\WindowsPowerShell\v1.0\;C:\WINDOWS\System32\OpenSSH\;C:\ProgramData\chocolatey\bin;C:\Program Files\Maven\apache-maven-3.9.9\bin;C:\Program Files\Git\cmd;C:\Program Files\MySQL\MySQL Shell 8.0\bin\;C:\Users\ASUS\AppData\Local\Microsoft\WindowsApps;C:\Users\ASUS\AppData\Local\Programs\Microsoft VS Code\bin;C:\Users\ASUS\AppData\Local\Microsoft\WindowsApps;;D:\Intelij_java\IntelliJ IDEA 2024.3\bin;
USERNAME=ASUS
OS=Windows_NT
PROCESSOR_IDENTIFIER=Intel64 Family 6 Model 142 Stepping 12, GenuineIntel



---------------  S Y S T E M  ---------------

OS:
 Windows 11 , 64 bit Build 26100 (10.0.26100.5074)
OS uptime: 0 days 6:01 hours
Hyper-V role detected

CPU: total 4 (initial active 4) (2 cores per cpu, 2 threads per core) family 6 model 142 stepping 12 microcode 0xde, cx8, cmov, fxsr, ht, mmx, 3dnowpref, sse, sse2, sse3, ssse3, sse4.1, sse4.2, popcnt, lzcnt, tsc, tscinvbit, avx, avx2, aes, erms, clmul, bmi1, bmi2, adx, fma, vzeroupper, clflush, clflushopt, hv

Memory: 4k page, system-wide physical 3948M (417M free)
TotalPageFile size 16236M (AvailPageFile size 80M)
current process WorkingSet (physical memory assigned to process): 44M, peak: 212M
current process commit charge ("private bytes"): 282M, peak: 397M

vm_info: Java HotSpot(TM) 64-Bit Server VM (17.0.12+8-LTS-286) for windows-amd64 JRE (17.0.12+8-LTS-286), built on Jun  5 2024 06:46:59 by "mach5one" with MS VC++ 17.6 (VS2022)

END.
